<?xml version="1.0" encoding="UTF-8"?>
<!-- Generated by org.testng.reporters.JUnitReportReporter -->
<testsuite hostname="HSSSC1PCL01494" name="runner.FirstTestRunner" tests="1" failures="0" timestamp="6 Jul 2017 11:39:09 GMT" time="60.632" errors="0">
  <testcase name="feature" time="60.632" classname="runner.FirstTestRunner"/>
</testsuite> <!-- runner.FirstTestRunner -->
